<?xml version="1.0" encoding="UTF-8"?>
<!-- Generated by org.testng.reporters.JUnitReportReporter -->
<testsuite hostname="ALLAH" failures="0" tests="1" name="test.ZerodhaForgotPageTest" time="22.918" errors="0" timestamp="2022-10-13T13:03:57 IST" skipped="0">
  <testcase classname="test.ZerodhaForgotPageTest" name="validateByForgotIdByEmail" time="22.918"/>
  <system-out/>
</testsuite> <!-- test.ZerodhaForgotPageTest -->
