<?xml version="1.0" encoding="UTF-8"?>
<!-- Generated by org.testng.reporters.JUnitReportReporter -->
<testsuite hostname="ALLAH" failures="0" tests="1" name="test.BataHomePageTestCases" time="13.332" errors="0" timestamp="2022-10-18T21:11:43 IST" skipped="0">
  <testcase classname="test.BataHomePageTestCases" name="ValidateHomePage" time="13.332"/>
  <system-out/>
</testsuite> <!-- test.BataHomePageTestCases -->
